2022-02-01 19:20:36 0 [Note] InnoDB: Mutexes and rw_locks use Windows interlocked functions
2022-02-01 19:20:36 0 [Note] InnoDB: Uses event mutexes
2022-02-01 19:20:36 0 [Note] InnoDB: Compressed tables use zlib 1.2.11
2022-02-01 19:20:36 0 [Note] InnoDB: Number of pools: 1
2022-02-01 19:20:36 0 [Note] InnoDB: Using SSE2 crc32 instructions
2022-02-01 19:20:36 0 [Note] InnoDB: Initializing buffer pool, total size = 16M, instances = 1, chunk size = 16M
2022-02-01 19:20:36 0 [Note] InnoDB: Completed initialization of buffer pool
2022-02-01 19:20:36 0 [Note] InnoDB: Starting crash recovery from checkpoint LSN=300288
2022-02-01 19:20:36 0 [Note] InnoDB: 128 out of 128 rollback segments are active.
2022-02-01 19:20:36 0 [Note] InnoDB: Removed temporary tablespace data file: "ibtmp1"
2022-02-01 19:20:36 0 [Note] InnoDB: Creating shared tablespace for temporary tables
2022-02-01 19:20:36 0 [Note] InnoDB: Setting file 'C:\xampp\mysql\data\ibtmp1' size to 12 MB. Physically writing the file full; Please wait ...
2022-02-01 19:20:36 0 [Note] InnoDB: File 'C:\xampp\mysql\data\ibtmp1' size is now 12 MB.
2022-02-01 19:20:36 0 [Note] InnoDB: Waiting for purge to start
2022-02-01 19:20:36 0 [Note] InnoDB: 10.4.22 started; log sequence number 300297; transaction id 170
2022-02-01 19:20:36 0 [Note] InnoDB: Loading buffer pool(s) from C:\xampp\mysql\data\ib_buffer_pool
2022-02-01 19:20:36 0 [Note] Plugin 'FEEDBACK' is disabled.
2022-02-01 19:20:36 0 [Note] Server socket created on IP: '::'.
2022-02-01 19:20:36 0 [ERROR] Can't start server: Bind on TCP/IP port. Got error: 10048: Only one usage of each socket address (protocol/network address/port) is normally permitted.

2022-02-01 19:20:36 0 [ERROR] Do you already have another mysqld server running on port: 3306 ?
2022-02-01 19:20:36 0 [ERROR] Aborting
2022-02-01 19:20:48 0 [Note] InnoDB: Mutexes and rw_locks use Windows interlocked functions
2022-02-01 19:20:48 0 [Note] InnoDB: Uses event mutexes
2022-02-01 19:20:48 0 [Note] InnoDB: Compressed tables use zlib 1.2.11
2022-02-01 19:20:48 0 [Note] InnoDB: Number of pools: 1
2022-02-01 19:20:48 0 [Note] InnoDB: Using SSE2 crc32 instructions
2022-02-01 19:20:48 0 [Note] InnoDB: Initializing buffer pool, total size = 16M, instances = 1, chunk size = 16M
2022-02-01 19:20:48 0 [Note] InnoDB: Completed initialization of buffer pool
2022-02-01 19:20:48 0 [Note] InnoDB: 128 out of 128 rollback segments are active.
2022-02-01 19:20:48 0 [Note] InnoDB: Creating shared tablespace for temporary tables
2022-02-01 19:20:48 0 [Note] InnoDB: Setting file 'C:\xampp\mysql\data\ibtmp1' size to 12 MB. Physically writing the file full; Please wait ...
2022-02-01 19:20:48 0 [Note] InnoDB: File 'C:\xampp\mysql\data\ibtmp1' size is now 12 MB.
2022-02-01 19:20:48 0 [Note] InnoDB: Waiting for purge to start
2022-02-01 19:20:48 0 [Note] InnoDB: 10.4.22 started; log sequence number 300306; transaction id 170
2022-02-01 19:20:48 0 [Note] InnoDB: Loading buffer pool(s) from C:\xampp\mysql\data\ib_buffer_pool
2022-02-01 19:20:48 0 [Note] Plugin 'FEEDBACK' is disabled.
2022-02-01 19:20:48 0 [Note] Server socket created on IP: '::'.
2022-02-01 19:20:48 0 [ERROR] Can't start server: Bind on TCP/IP port. Got error: 10048: Only one usage of each socket address (protocol/network address/port) is normally permitted.

2022-02-01 19:20:48 0 [ERROR] Do you already have another mysqld server running on port: 3306 ?
2022-02-01 19:20:48 0 [ERROR] Aborting
2022-02-01 19:21:11 0 [Note] InnoDB: Mutexes and rw_locks use Windows interlocked functions
2022-02-01 19:21:11 0 [Note] InnoDB: Uses event mutexes
2022-02-01 19:21:11 0 [Note] InnoDB: Compressed tables use zlib 1.2.11
2022-02-01 19:21:11 0 [Note] InnoDB: Number of pools: 1
2022-02-01 19:21:11 0 [Note] InnoDB: Using SSE2 crc32 instructions
2022-02-01 19:21:11 0 [Note] InnoDB: Initializing buffer pool, total size = 16M, instances = 1, chunk size = 16M
2022-02-01 19:21:11 0 [Note] InnoDB: Completed initialization of buffer pool
2022-02-01 19:21:11 0 [Note] InnoDB: 128 out of 128 rollback segments are active.
2022-02-01 19:21:11 0 [Note] InnoDB: Creating shared tablespace for temporary tables
2022-02-01 19:21:11 0 [Note] InnoDB: Setting file 'C:\xampp\mysql\data\ibtmp1' size to 12 MB. Physically writing the file full; Please wait ...
2022-02-01 19:21:11 0 [Note] InnoDB: File 'C:\xampp\mysql\data\ibtmp1' size is now 12 MB.
2022-02-01 19:21:11 0 [Note] InnoDB: Waiting for purge to start
2022-02-01 19:21:11 0 [Note] InnoDB: 10.4.22 started; log sequence number 300315; transaction id 170
2022-02-01 19:21:11 0 [Note] InnoDB: Loading buffer pool(s) from C:\xampp\mysql\data\ib_buffer_pool
2022-02-01 19:21:11 0 [Note] Plugin 'FEEDBACK' is disabled.
2022-02-01 19:21:11 0 [Note] Server socket created on IP: '::'.
2022-02-01 19:21:11 0 [ERROR] Can't start server: Bind on TCP/IP port. Got error: 10048: Only one usage of each socket address (protocol/network address/port) is normally permitted.

2022-02-01 19:21:11 0 [ERROR] Do you already have another mysqld server running on port: 3306 ?
2022-02-01 19:21:11 0 [ERROR] Aborting
2022-02-01 19:21:26 0 [Note] InnoDB: Mutexes and rw_locks use Windows interlocked functions
2022-02-01 19:21:26 0 [Note] InnoDB: Uses event mutexes
2022-02-01 19:21:26 0 [Note] InnoDB: Compressed tables use zlib 1.2.11
2022-02-01 19:21:26 0 [Note] InnoDB: Number of pools: 1
2022-02-01 19:21:26 0 [Note] InnoDB: Using SSE2 crc32 instructions
2022-02-01 19:21:26 0 [Note] InnoDB: Initializing buffer pool, total size = 16M, instances = 1, chunk size = 16M
2022-02-01 19:21:26 0 [Note] InnoDB: Completed initialization of buffer pool
2022-02-01 19:21:26 0 [Note] InnoDB: 128 out of 128 rollback segments are active.
2022-02-01 19:21:26 0 [Note] InnoDB: Creating shared tablespace for temporary tables
2022-02-01 19:21:26 0 [Note] InnoDB: Setting file 'C:\xampp\mysql\data\ibtmp1' size to 12 MB. Physically writing the file full; Please wait ...
2022-02-01 19:21:26 0 [Note] InnoDB: File 'C:\xampp\mysql\data\ibtmp1' size is now 12 MB.
2022-02-01 19:21:26 0 [Note] InnoDB: Waiting for purge to start
2022-02-01 19:21:26 0 [Note] InnoDB: 10.4.22 started; log sequence number 300324; transaction id 170
2022-02-01 19:21:26 0 [Note] Plugin 'FEEDBACK' is disabled.
2022-02-01 19:21:26 0 [Note] InnoDB: Loading buffer pool(s) from C:\xampp\mysql\data\ib_buffer_pool
2022-02-01 19:21:26 0 [Note] Server socket created on IP: '::'.
2022-02-01 19:21:26 0 [ERROR] Can't start server: Bind on TCP/IP port. Got error: 10048: Only one usage of each socket address (protocol/network address/port) is normally permitted.

2022-02-01 19:21:26 0 [ERROR] Do you already have another mysqld server running on port: 3306 ?
2022-02-01 19:21:26 0 [ERROR] Aborting
2022-02-01 19:22:18 0 [Note] InnoDB: Mutexes and rw_locks use Windows interlocked functions
2022-02-01 19:22:18 0 [Note] InnoDB: Uses event mutexes
2022-02-01 19:22:18 0 [Note] InnoDB: Compressed tables use zlib 1.2.11
2022-02-01 19:22:18 0 [Note] InnoDB: Number of pools: 1
2022-02-01 19:22:18 0 [Note] InnoDB: Using SSE2 crc32 instructions
2022-02-01 19:22:18 0 [Note] InnoDB: Initializing buffer pool, total size = 16M, instances = 1, chunk size = 16M
2022-02-01 19:22:18 0 [Note] InnoDB: Completed initialization of buffer pool
2022-02-01 19:22:18 0 [Note] InnoDB: 128 out of 128 rollback segments are active.
2022-02-01 19:22:18 0 [Note] InnoDB: Creating shared tablespace for temporary tables
2022-02-01 19:22:18 0 [Note] InnoDB: Setting file 'C:\xampp\mysql\data\ibtmp1' size to 12 MB. Physically writing the file full; Please wait ...
2022-02-01 19:22:18 0 [Note] InnoDB: File 'C:\xampp\mysql\data\ibtmp1' size is now 12 MB.
2022-02-01 19:22:18 0 [Note] InnoDB: Waiting for purge to start
2022-02-01 19:22:18 0 [Note] InnoDB: 10.4.22 started; log sequence number 300333; transaction id 170
2022-02-01 19:22:18 0 [Note] InnoDB: Loading buffer pool(s) from C:\xampp\mysql\data\ib_buffer_pool
2022-02-01 19:22:18 0 [Note] Plugin 'FEEDBACK' is disabled.
2022-02-01 19:22:19 0 [Note] Server socket created on IP: '::'.
2022-02-01 19:22:19 0 [ERROR] Can't start server: Bind on TCP/IP port. Got error: 10048: Only one usage of each socket address (protocol/network address/port) is normally permitted.

2022-02-01 19:22:19 0 [ERROR] Do you already have another mysqld server running on port: 3306 ?
2022-02-01 19:22:19 0 [ERROR] Aborting
2022-02-01 19:22:46 0 [Note] InnoDB: Mutexes and rw_locks use Windows interlocked functions
2022-02-01 19:22:46 0 [Note] InnoDB: Uses event mutexes
2022-02-01 19:22:46 0 [Note] InnoDB: Compressed tables use zlib 1.2.11
2022-02-01 19:22:46 0 [Note] InnoDB: Number of pools: 1
2022-02-01 19:22:46 0 [Note] InnoDB: Using SSE2 crc32 instructions
2022-02-01 19:22:46 0 [Note] InnoDB: Initializing buffer pool, total size = 16M, instances = 1, chunk size = 16M
2022-02-01 19:22:46 0 [Note] InnoDB: Completed initialization of buffer pool
2022-02-01 19:22:46 0 [Note] InnoDB: 128 out of 128 rollback segments are active.
2022-02-01 19:22:46 0 [Note] InnoDB: Creating shared tablespace for temporary tables
2022-02-01 19:22:46 0 [Note] InnoDB: Setting file 'C:\xampp\mysql\data\ibtmp1' size to 12 MB. Physically writing the file full; Please wait ...
2022-02-01 19:22:46 0 [Note] InnoDB: File 'C:\xampp\mysql\data\ibtmp1' size is now 12 MB.
2022-02-01 19:22:46 0 [Note] InnoDB: 10.4.22 started; log sequence number 300342; transaction id 170
2022-02-01 19:22:47 0 [Note] InnoDB: Loading buffer pool(s) from C:\xampp\mysql\data\ib_buffer_pool
2022-02-01 19:22:47 0 [Note] Plugin 'FEEDBACK' is disabled.
2022-02-01 19:22:47 0 [Note] Server socket created on IP: '::'.
2022-02-01 19:22:47 0 [Note] InnoDB: Buffer pool(s) load completed at 220201 19:22:47
2022-02-01 19:23:11 0 [Note] InnoDB: Mutexes and rw_locks use Windows interlocked functions
2022-02-01 19:23:11 0 [Note] InnoDB: Uses event mutexes
2022-02-01 19:23:11 0 [Note] InnoDB: Compressed tables use zlib 1.2.11
2022-02-01 19:23:11 0 [Note] InnoDB: Number of pools: 1
2022-02-01 19:23:11 0 [Note] InnoDB: Using SSE2 crc32 instructions
2022-02-01 19:23:11 0 [Note] InnoDB: Initializing buffer pool, total size = 16M, instances = 1, chunk size = 16M
2022-02-01 19:23:11 0 [Note] InnoDB: Completed initialization of buffer pool
2022-02-01 19:23:11 0 [Note] InnoDB: Starting crash recovery from checkpoint LSN=300342
2022-02-01 19:23:11 0 [Note] InnoDB: 128 out of 128 rollback segments are active.
2022-02-01 19:23:11 0 [Note] InnoDB: Removed temporary tablespace data file: "ibtmp1"
2022-02-01 19:23:11 0 [Note] InnoDB: Creating shared tablespace for temporary tables
2022-02-01 19:23:11 0 [Note] InnoDB: Setting file 'C:\xampp\mysql\data\ibtmp1' size to 12 MB. Physically writing the file full; Please wait ...
2022-02-01 19:23:11 0 [Note] InnoDB: File 'C:\xampp\mysql\data\ibtmp1' size is now 12 MB.
2022-02-01 19:23:11 0 [Note] InnoDB: Waiting for purge to start
2022-02-01 19:23:12 0 [Note] InnoDB: 10.4.22 started; log sequence number 300351; transaction id 170
2022-02-01 19:23:12 0 [Note] InnoDB: Loading buffer pool(s) from C:\xampp\mysql\data\ib_buffer_pool
2022-02-01 19:23:12 0 [Note] Plugin 'FEEDBACK' is disabled.
2022-02-01 19:23:12 0 [Note] Server socket created on IP: '::'.
2022-02-01 19:24:22 0 [Note] InnoDB: Mutexes and rw_locks use Windows interlocked functions
2022-02-01 19:24:22 0 [Note] InnoDB: Uses event mutexes
2022-02-01 19:24:22 0 [Note] InnoDB: Compressed tables use zlib 1.2.11
2022-02-01 19:24:22 0 [Note] InnoDB: Number of pools: 1
2022-02-01 19:24:22 0 [Note] InnoDB: Using SSE2 crc32 instructions
2022-02-01 19:24:22 0 [Note] InnoDB: Initializing buffer pool, total size = 16M, instances = 1, chunk size = 16M
2022-02-01 19:24:22 0 [Note] InnoDB: Completed initialization of buffer pool
2022-02-01 19:24:22 0 [Note] InnoDB: Starting crash recovery from checkpoint LSN=300360
2022-02-01 19:24:22 0 [Note] InnoDB: 128 out of 128 rollback segments are active.
2022-02-01 19:24:22 0 [Note] InnoDB: Removed temporary tablespace data file: "ibtmp1"
2022-02-01 19:24:22 0 [Note] InnoDB: Creating shared tablespace for temporary tables
2022-02-01 19:24:22 0 [Note] InnoDB: Setting file 'C:\xampp\mysql\data\ibtmp1' size to 12 MB. Physically writing the file full; Please wait ...
2022-02-01 19:24:22 0 [Note] InnoDB: File 'C:\xampp\mysql\data\ibtmp1' size is now 12 MB.
2022-02-01 19:24:22 0 [Note] InnoDB: Waiting for purge to start
2022-02-01 19:24:22 0 [Note] InnoDB: 10.4.22 started; log sequence number 300369; transaction id 170
2022-02-01 19:24:22 0 [Note] InnoDB: Loading buffer pool(s) from C:\xampp\mysql\data\ib_buffer_pool
2022-02-01 19:24:22 0 [Note] Plugin 'FEEDBACK' is disabled.
2022-02-01 19:24:22 0 [Note] Server socket created on IP: '::'.
2022-02-01 19:24:37 0 [Note] InnoDB: Mutexes and rw_locks use Windows interlocked functions
2022-02-01 19:24:37 0 [Note] InnoDB: Uses event mutexes
2022-02-01 19:24:37 0 [Note] InnoDB: Compressed tables use zlib 1.2.11
2022-02-01 19:24:37 0 [Note] InnoDB: Number of pools: 1
2022-02-01 19:24:37 0 [Note] InnoDB: Using SSE2 crc32 instructions
2022-02-01 19:24:37 0 [Note] InnoDB: Initializing buffer pool, total size = 16M, instances = 1, chunk size = 16M
2022-02-01 19:24:37 0 [Note] InnoDB: Completed initialization of buffer pool
2022-02-01 19:24:37 0 [Note] InnoDB: Starting crash recovery from checkpoint LSN=300378
2022-02-01 19:24:38 0 [Note] InnoDB: 128 out of 128 rollback segments are active.
2022-02-01 19:24:38 0 [Note] InnoDB: Removed temporary tablespace data file: "ibtmp1"
2022-02-01 19:24:38 0 [Note] InnoDB: Creating shared tablespace for temporary tables
2022-02-01 19:24:38 0 [Note] InnoDB: Setting file 'C:\xampp\mysql\data\ibtmp1' size to 12 MB. Physically writing the file full; Please wait ...
2022-02-01 19:24:38 0 [Note] InnoDB: File 'C:\xampp\mysql\data\ibtmp1' size is now 12 MB.
2022-02-01 19:24:38 0 [Note] InnoDB: Waiting for purge to start
2022-02-01 19:24:38 0 [Note] InnoDB: 10.4.22 started; log sequence number 300387; transaction id 170
2022-02-01 19:24:38 0 [Note] InnoDB: Loading buffer pool(s) from C:\xampp\mysql\data\ib_buffer_pool
2022-02-01 19:24:38 0 [Note] Plugin 'FEEDBACK' is disabled.
2022-02-01 19:24:38 0 [Note] Server socket created on IP: '::'.
2022-02-01 19:24:50 0 [Note] InnoDB: Mutexes and rw_locks use Windows interlocked functions
2022-02-01 19:24:50 0 [Note] InnoDB: Uses event mutexes
2022-02-01 19:24:50 0 [Note] InnoDB: Compressed tables use zlib 1.2.11
2022-02-01 19:24:50 0 [Note] InnoDB: Number of pools: 1
2022-02-01 19:24:50 0 [Note] InnoDB: Using SSE2 crc32 instructions
2022-02-01 19:24:50 0 [Note] InnoDB: Initializing buffer pool, total size = 16M, instances = 1, chunk size = 16M
2022-02-01 19:24:50 0 [Note] InnoDB: Completed initialization of buffer pool
2022-02-01 19:24:50 0 [Note] InnoDB: Starting crash recovery from checkpoint LSN=300396
2022-02-01 19:24:51 0 [Note] InnoDB: 128 out of 128 rollback segments are active.
2022-02-01 19:24:51 0 [Note] InnoDB: Removed temporary tablespace data file: "ibtmp1"
2022-02-01 19:24:51 0 [Note] InnoDB: Creating shared tablespace for temporary tables
2022-02-01 19:24:51 0 [Note] InnoDB: Setting file 'C:\xampp\mysql\data\ibtmp1' size to 12 MB. Physically writing the file full; Please wait ...
2022-02-01 19:24:51 0 [Note] InnoDB: File 'C:\xampp\mysql\data\ibtmp1' size is now 12 MB.
2022-02-01 19:24:51 0 [Note] InnoDB: Waiting for purge to start
2022-02-01 19:24:51 0 [Note] InnoDB: 10.4.22 started; log sequence number 300405; transaction id 170
2022-02-01 19:24:51 0 [Note] InnoDB: Loading buffer pool(s) from C:\xampp\mysql\data\ib_buffer_pool
2022-02-01 19:24:51 0 [Note] Plugin 'FEEDBACK' is disabled.
2022-02-01 19:24:51 0 [Note] Server socket created on IP: '::'.
2022-02-01 19:24:51 0 [ERROR] Can't start server: Bind on TCP/IP port. Got error: 10048: Only one usage of each socket address (protocol/network address/port) is normally permitted.

2022-02-01 19:24:51 0 [ERROR] Do you already have another mysqld server running on port: 3306 ?
2022-02-01 19:24:51 0 [ERROR] Aborting
2022-02-01 19:25:06 0 [Note] InnoDB: Mutexes and rw_locks use Windows interlocked functions
2022-02-01 19:25:06 0 [Note] InnoDB: Uses event mutexes
2022-02-01 19:25:06 0 [Note] InnoDB: Compressed tables use zlib 1.2.11
2022-02-01 19:25:06 0 [Note] InnoDB: Number of pools: 1
2022-02-01 19:25:06 0 [Note] InnoDB: Using SSE2 crc32 instructions
2022-02-01 19:25:06 0 [Note] InnoDB: Initializing buffer pool, total size = 16M, instances = 1, chunk size = 16M
2022-02-01 19:25:06 0 [Note] InnoDB: Completed initialization of buffer pool
2022-02-01 19:25:06 0 [Note] InnoDB: 128 out of 128 rollback segments are active.
2022-02-01 19:25:06 0 [Note] InnoDB: Creating shared tablespace for temporary tables
2022-02-01 19:25:06 0 [Note] InnoDB: Setting file 'C:\xampp\mysql\data\ibtmp1' size to 12 MB. Physically writing the file full; Please wait ...
2022-02-01 19:25:06 0 [Note] InnoDB: File 'C:\xampp\mysql\data\ibtmp1' size is now 12 MB.
2022-02-01 19:25:06 0 [Note] InnoDB: Waiting for purge to start
2022-02-01 19:25:06 0 [Note] InnoDB: 10.4.22 started; log sequence number 300414; transaction id 170
2022-02-01 19:25:06 0 [Note] InnoDB: Loading buffer pool(s) from C:\xampp\mysql\data\ib_buffer_pool
2022-02-01 19:25:06 0 [Note] Plugin 'FEEDBACK' is disabled.
2022-02-01 19:25:06 0 [Note] Server socket created on IP: '::'.
2022-02-01 19:25:06 0 [ERROR] Can't start server: Bind on TCP/IP port. Got error: 10048: Only one usage of each socket address (protocol/network address/port) is normally permitted.

2022-02-01 19:25:06 0 [ERROR] Do you already have another mysqld server running on port: 3306 ?
2022-02-01 19:25:06 0 [ERROR] Aborting
2022-02-01 19:25:16 0 [Note] InnoDB: Mutexes and rw_locks use Windows interlocked functions
2022-02-01 19:25:16 0 [Note] InnoDB: Uses event mutexes
2022-02-01 19:25:16 0 [Note] InnoDB: Compressed tables use zlib 1.2.11
2022-02-01 19:25:16 0 [Note] InnoDB: Number of pools: 1
2022-02-01 19:25:16 0 [Note] InnoDB: Using SSE2 crc32 instructions
2022-02-01 19:25:16 0 [Note] InnoDB: Initializing buffer pool, total size = 16M, instances = 1, chunk size = 16M
2022-02-01 19:25:16 0 [Note] InnoDB: Completed initialization of buffer pool
2022-02-01 19:25:16 0 [Note] InnoDB: 128 out of 128 rollback segments are active.
2022-02-01 19:25:17 0 [Note] InnoDB: Creating shared tablespace for temporary tables
2022-02-01 19:25:17 0 [Note] InnoDB: Setting file 'C:\xampp\mysql\data\ibtmp1' size to 12 MB. Physically writing the file full; Please wait ...
2022-02-01 19:25:17 0 [Note] InnoDB: File 'C:\xampp\mysql\data\ibtmp1' size is now 12 MB.
2022-02-01 19:25:17 0 [Note] InnoDB: Waiting for purge to start
2022-02-01 19:25:17 0 [Note] InnoDB: 10.4.22 started; log sequence number 300423; transaction id 170
2022-02-01 19:25:17 0 [Note] InnoDB: Loading buffer pool(s) from C:\xampp\mysql\data\ib_buffer_pool
2022-02-01 19:25:17 0 [Note] Plugin 'FEEDBACK' is disabled.
2022-02-01 19:25:17 0 [Note] Server socket created on IP: '::'.
2022-02-02 13:29:53 0 [Note] InnoDB: Mutexes and rw_locks use Windows interlocked functions
2022-02-02 13:29:53 0 [Note] InnoDB: Uses event mutexes
2022-02-02 13:29:53 0 [Note] InnoDB: Compressed tables use zlib 1.2.11
2022-02-02 13:29:53 0 [Note] InnoDB: Number of pools: 1
2022-02-02 13:29:53 0 [Note] InnoDB: Using SSE2 crc32 instructions
2022-02-02 13:29:53 0 [Note] InnoDB: Initializing buffer pool, total size = 16M, instances = 1, chunk size = 16M
2022-02-02 13:29:53 0 [Note] InnoDB: Completed initialization of buffer pool
2022-02-02 13:29:53 0 [Note] InnoDB: Starting crash recovery from checkpoint LSN=300423
2022-02-02 13:29:53 0 [Note] InnoDB: 128 out of 128 rollback segments are active.
2022-02-02 13:29:53 0 [Note] InnoDB: Removed temporary tablespace data file: "ibtmp1"
2022-02-02 13:29:53 0 [Note] InnoDB: Creating shared tablespace for temporary tables
2022-02-02 13:29:53 0 [Note] InnoDB: Setting file 'C:\xampp\mysql\data\ibtmp1' size to 12 MB. Physically writing the file full; Please wait ...
2022-02-02 13:29:53 0 [Note] InnoDB: File 'C:\xampp\mysql\data\ibtmp1' size is now 12 MB.
2022-02-02 13:29:53 0 [Note] InnoDB: Waiting for purge to start
2022-02-02 13:29:53 0 [Note] InnoDB: 10.4.22 started; log sequence number 300432; transaction id 170
2022-02-02 13:29:53 0 [Note] InnoDB: Loading buffer pool(s) from C:\xampp\mysql\data\ib_buffer_pool
2022-02-02 13:29:53 0 [Note] Plugin 'FEEDBACK' is disabled.
2022-02-02 13:29:53 0 [Note] InnoDB: Buffer pool(s) load completed at 220202 13:29:53
2022-02-02 13:29:53 0 [Note] Server socket created on IP: '::'.
2022-02-02 13:30:24 0 [Note] InnoDB: Mutexes and rw_locks use Windows interlocked functions
2022-02-02 13:30:24 0 [Note] InnoDB: Uses event mutexes
2022-02-02 13:30:24 0 [Note] InnoDB: Compressed tables use zlib 1.2.11
2022-02-02 13:30:24 0 [Note] InnoDB: Number of pools: 1
2022-02-02 13:30:24 0 [Note] InnoDB: Using SSE2 crc32 instructions
2022-02-02 13:30:24 0 [Note] InnoDB: Initializing buffer pool, total size = 16M, instances = 1, chunk size = 16M
2022-02-02 13:30:24 0 [Note] InnoDB: Completed initialization of buffer pool
2022-02-02 13:30:24 0 [Note] InnoDB: Starting crash recovery from checkpoint LSN=300441
2022-02-02 13:30:24 0 [Note] InnoDB: 128 out of 128 rollback segments are active.
2022-02-02 13:30:24 0 [Note] InnoDB: Removed temporary tablespace data file: "ibtmp1"
2022-02-02 13:30:24 0 [Note] InnoDB: Creating shared tablespace for temporary tables
2022-02-02 13:30:24 0 [Note] InnoDB: Setting file 'C:\xampp\mysql\data\ibtmp1' size to 12 MB. Physically writing the file full; Please wait ...
2022-02-02 13:30:24 0 [Note] InnoDB: File 'C:\xampp\mysql\data\ibtmp1' size is now 12 MB.
2022-02-02 13:30:24 0 [Note] InnoDB: Waiting for purge to start
2022-02-02 13:30:25 0 [Note] InnoDB: 10.4.22 started; log sequence number 300450; transaction id 170
2022-02-02 13:30:25 0 [Note] InnoDB: Loading buffer pool(s) from C:\xampp\mysql\data\ib_buffer_pool
2022-02-02 13:30:25 0 [Note] Plugin 'FEEDBACK' is disabled.
2022-02-02 13:30:25 0 [Note] Server socket created on IP: '::'.
2022-02-02 13:30:33 0 [Note] InnoDB: Mutexes and rw_locks use Windows interlocked functions
2022-02-02 13:30:33 0 [Note] InnoDB: Uses event mutexes
2022-02-02 13:30:33 0 [Note] InnoDB: Compressed tables use zlib 1.2.11
2022-02-02 13:30:33 0 [Note] InnoDB: Number of pools: 1
2022-02-02 13:30:33 0 [Note] InnoDB: Using SSE2 crc32 instructions
2022-02-02 13:30:33 0 [Note] InnoDB: Initializing buffer pool, total size = 16M, instances = 1, chunk size = 16M
2022-02-02 13:30:33 0 [Note] InnoDB: Completed initialization of buffer pool
2022-02-02 13:30:33 0 [Note] InnoDB: Starting crash recovery from checkpoint LSN=300459
2022-02-02 13:30:33 0 [Note] InnoDB: 128 out of 128 rollback segments are active.
2022-02-02 13:30:33 0 [Note] InnoDB: Removed temporary tablespace data file: "ibtmp1"
2022-02-02 13:30:34 0 [Note] InnoDB: Creating shared tablespace for temporary tables
2022-02-02 13:30:34 0 [Note] InnoDB: Setting file 'C:\xampp\mysql\data\ibtmp1' size to 12 MB. Physically writing the file full; Please wait ...
2022-02-02 13:30:34 0 [Note] InnoDB: File 'C:\xampp\mysql\data\ibtmp1' size is now 12 MB.
2022-02-02 13:30:34 0 [Note] InnoDB: 10.4.22 started; log sequence number 300468; transaction id 170
2022-02-02 13:30:34 0 [Note] InnoDB: Loading buffer pool(s) from C:\xampp\mysql\data\ib_buffer_pool
2022-02-02 13:30:34 0 [Note] Plugin 'FEEDBACK' is disabled.
2022-02-02 13:30:34 0 [Note] Server socket created on IP: '::'.
2022-02-02 13:31:24 0 [Note] InnoDB: Mutexes and rw_locks use Windows interlocked functions
2022-02-02 13:31:24 0 [Note] InnoDB: Uses event mutexes
2022-02-02 13:31:24 0 [Note] InnoDB: Compressed tables use zlib 1.2.11
2022-02-02 13:31:24 0 [Note] InnoDB: Number of pools: 1
2022-02-02 13:31:24 0 [Note] InnoDB: Using SSE2 crc32 instructions
2022-02-02 13:31:24 0 [Note] InnoDB: Initializing buffer pool, total size = 16M, instances = 1, chunk size = 16M
2022-02-02 13:31:24 0 [Note] InnoDB: Completed initialization of buffer pool
2022-02-02 13:31:24 0 [Note] InnoDB: Starting crash recovery from checkpoint LSN=300477
2022-02-02 13:31:24 0 [Note] InnoDB: 128 out of 128 rollback segments are active.
2022-02-02 13:31:24 0 [Note] InnoDB: Removed temporary tablespace data file: "ibtmp1"
2022-02-02 13:31:24 0 [Note] InnoDB: Creating shared tablespace for temporary tables
2022-02-02 13:31:24 0 [Note] InnoDB: Setting file 'C:\xampp\mysql\data\ibtmp1' size to 12 MB. Physically writing the file full; Please wait ...
2022-02-02 13:31:24 0 [Note] InnoDB: File 'C:\xampp\mysql\data\ibtmp1' size is now 12 MB.
2022-02-02 13:31:24 0 [Note] InnoDB: 10.4.22 started; log sequence number 300486; transaction id 170
2022-02-02 13:31:24 0 [Note] InnoDB: Loading buffer pool(s) from C:\xampp\mysql\data\ib_buffer_pool
2022-02-02 13:31:24 0 [Note] Plugin 'FEEDBACK' is disabled.
2022-02-02 13:31:24 0 [Note] Server socket created on IP: '::'.
2022-02-02 13:31:24 0 [ERROR] Can't start server: Bind on TCP/IP port. Got error: 10048: Only one usage of each socket address (protocol/network address/port) is normally permitted.

2022-02-02 13:31:24 0 [ERROR] Do you already have another mysqld server running on port: 3306 ?
2022-02-02 13:31:24 0 [ERROR] Aborting
2022-02-02 13:31:36 0 [Note] InnoDB: Mutexes and rw_locks use Windows interlocked functions
2022-02-02 13:31:36 0 [Note] InnoDB: Uses event mutexes
2022-02-02 13:31:36 0 [Note] InnoDB: Compressed tables use zlib 1.2.11
2022-02-02 13:31:36 0 [Note] InnoDB: Number of pools: 1
2022-02-02 13:31:36 0 [Note] InnoDB: Using SSE2 crc32 instructions
2022-02-02 13:31:36 0 [Note] InnoDB: Initializing buffer pool, total size = 16M, instances = 1, chunk size = 16M
2022-02-02 13:31:36 0 [Note] InnoDB: Completed initialization of buffer pool
2022-02-02 13:31:36 0 [Note] InnoDB: 128 out of 128 rollback segments are active.
2022-02-02 13:31:36 0 [Note] InnoDB: Creating shared tablespace for temporary tables
2022-02-02 13:31:36 0 [Note] InnoDB: Setting file 'C:\xampp\mysql\data\ibtmp1' size to 12 MB. Physically writing the file full; Please wait ...
2022-02-02 13:31:36 0 [Note] InnoDB: File 'C:\xampp\mysql\data\ibtmp1' size is now 12 MB.
2022-02-02 13:31:36 0 [Note] InnoDB: Waiting for purge to start
2022-02-02 13:31:36 0 [Note] InnoDB: 10.4.22 started; log sequence number 300495; transaction id 170
2022-02-02 13:31:36 0 [Note] InnoDB: Loading buffer pool(s) from C:\xampp\mysql\data\ib_buffer_pool
2022-02-02 13:31:36 0 [Note] Plugin 'FEEDBACK' is disabled.
2022-02-02 13:31:36 0 [Note] Server socket created on IP: '::'.
2022-02-02 13:31:36 0 [ERROR] Can't start server: Bind on TCP/IP port. Got error: 10048: Only one usage of each socket address (protocol/network address/port) is normally permitted.

2022-02-02 13:31:36 0 [ERROR] Do you already have another mysqld server running on port: 3306 ?
2022-02-02 13:31:36 0 [Note] InnoDB: Buffer pool(s) load completed at 220202 13:31:36
2022-02-02 13:31:36 0 [ERROR] Aborting
2022-02-02 13:32:15 0 [Note] InnoDB: Mutexes and rw_locks use Windows interlocked functions
2022-02-02 13:32:15 0 [Note] InnoDB: Uses event mutexes
2022-02-02 13:32:15 0 [Note] InnoDB: Compressed tables use zlib 1.2.11
2022-02-02 13:32:15 0 [Note] InnoDB: Number of pools: 1
2022-02-02 13:32:15 0 [Note] InnoDB: Using SSE2 crc32 instructions
2022-02-02 13:32:15 0 [Note] InnoDB: Initializing buffer pool, total size = 16M, instances = 1, chunk size = 16M
2022-02-02 13:32:15 0 [Note] InnoDB: Completed initialization of buffer pool
2022-02-02 13:32:15 0 [Note] InnoDB: 128 out of 128 rollback segments are active.
2022-02-02 13:32:15 0 [Note] InnoDB: Creating shared tablespace for temporary tables
2022-02-02 13:32:15 0 [Note] InnoDB: Setting file 'C:\xampp\mysql\data\ibtmp1' size to 12 MB. Physically writing the file full; Please wait ...
2022-02-02 13:32:15 0 [Note] InnoDB: File 'C:\xampp\mysql\data\ibtmp1' size is now 12 MB.
2022-02-02 13:32:15 0 [Note] InnoDB: Waiting for purge to start
2022-02-02 13:32:15 0 [Note] InnoDB: 10.4.22 started; log sequence number 300504; transaction id 170
2022-02-02 13:32:15 0 [Note] InnoDB: Loading buffer pool(s) from C:\xampp\mysql\data\ib_buffer_pool
2022-02-02 13:32:15 0 [Note] Plugin 'FEEDBACK' is disabled.
2022-02-02 13:32:15 0 [Note] Server socket created on IP: '::'.
